/home/ayadav/.local/share/virtualenvs/librosa-zh1XWsvG/bin/python3 /home/ayadav/Desktop/librosa/3_model_train.py
2023-06-12 03:07:05.949206: I tensorflow/core/util/port.cc:110] oneDNN custom operations are on. You may see slightly different numerical results due to floating-point round-off errors from different computation orders. To turn them off, set the environment variable `TF_ENABLE_ONEDNN_OPTS=0`.
2023-06-12 03:07:05.951674: I tensorflow/tsl/cuda/cudart_stub.cc:28] Could not find cuda drivers on your machine, GPU will not be used.
2023-06-12 03:07:05.990012: I tensorflow/tsl/cuda/cudart_stub.cc:28] Could not find cuda drivers on your machine, GPU will not be used.
2023-06-12 03:07:05.990358: I tensorflow/core/platform/cpu_feature_guard.cc:182] This TensorFlow binary is optimized to use available CPU instructions in performance-critical operations.
To enable the following instructions: AVX2 AVX512F AVX512_VNNI FMA, in other operations, rebuild TensorFlow with the appropriate compiler flags.
2023-06-12 03:07:06.621580: W tensorflow/compiler/tf2tensorrt/utils/py_utils.cc:38] TF-TRT Warning: Could not find TensorRT
/home/ayadav/Desktop/librosa/3_model_train.py:47: VisibleDeprecationWarning: Creating an ndarray from ragged nested sequences (which is a list-or-tuple of lists-or-tuples-or ndarrays with different lengths or shapes) is deprecated. If you meant to do this, you must specify 'dtype=object' when creating the ndarray.
  return np.array(data)
/home/ayadav/.local/share/virtualenvs/librosa-zh1XWsvG/lib/python3.9/site-packages/keras/optimizers/legacy/adam.py:117: UserWarning: The `lr` argument is deprecated, use `learning_rate` instead.
  super().__init__(name, **kwargs)
Model: "sequential"
_________________________________________________________________
 Layer (type)                Output Shape              Param #
=================================================================
 conv2d (Conv2D)             (None, 256, 256, 32)      896

 max_pooling2d (MaxPooling2D  (None, 128, 128, 32)     0
 )

 conv2d_1 (Conv2D)           (None, 128, 128, 32)      9248

 max_pooling2d_1 (MaxPooling  (None, 64, 64, 32)       0
 2D)

 conv2d_2 (Conv2D)           (None, 64, 64, 64)        18496

 max_pooling2d_2 (MaxPooling  (None, 32, 32, 64)       0
 2D)

 dropout (Dropout)           (None, 32, 32, 64)        0

 flatten (Flatten)           (None, 65536)             0

 dense (Dense)               (None, 128)               8388736

 dense_1 (Dense)             (None, 10)                1290

=================================================================
Total params: 8,418,666
Trainable params: 8,418,666
Non-trainable params: 0
_________________________________________________________________
Epoch 1/500
/home/ayadav/.local/share/virtualenvs/librosa-zh1XWsvG/lib/python3.9/site-packages/keras/backend.py:5612: UserWarning: "`sparse_categorical_crossentropy` received `from_logits=True`, but the `output` argument was produced by a Softmax activation and thus does not represent logits. Was this intended?
  output, from_logits = _get_logits(
19/19 [==============================] - 11s 550ms/step - loss: 2.2855 - accuracy: 0.1600 - val_loss: 2.1193 - val_accuracy: 0.2857
Epoch 2/500
19/19 [==============================] - 9s 496ms/step - loss: 2.0500 - accuracy: 0.2833 - val_loss: 1.9380 - val_accuracy: 0.3008
Epoch 3/500
19/19 [==============================] - 9s 495ms/step - loss: 1.8870 - accuracy: 0.3317 - val_loss: 1.8365 - val_accuracy: 0.3183
Epoch 4/500
19/19 [==============================] - 10s 552ms/step - loss: 1.7950 - accuracy: 0.3250 - val_loss: 1.8361 - val_accuracy: 0.3158
Epoch 5/500
19/19 [==============================] - 10s 512ms/step - loss: 1.7515 - accuracy: 0.3317 - val_loss: 1.7337 - val_accuracy: 0.3810
Epoch 6/500
19/19 [==============================] - 10s 551ms/step - loss: 1.6719 - accuracy: 0.3567 - val_loss: 1.7043 - val_accuracy: 0.3910
Epoch 7/500
19/19 [==============================] - 10s 531ms/step - loss: 1.6098 - accuracy: 0.4183 - val_loss: 1.7069 - val_accuracy: 0.4060
Epoch 8/500
19/19 [==============================] - 10s 545ms/step - loss: 1.6204 - accuracy: 0.3950 - val_loss: 1.6983 - val_accuracy: 0.3810
Epoch 9/500
19/19 [==============================] - 9s 497ms/step - loss: 1.5788 - accuracy: 0.4150 - val_loss: 1.6679 - val_accuracy: 0.3935
Epoch 10/500
19/19 [==============================] - 10s 543ms/step - loss: 1.5359 - accuracy: 0.4450 - val_loss: 1.6276 - val_accuracy: 0.3659
Epoch 11/500
19/19 [==============================] - 9s 497ms/step - loss: 1.5044 - accuracy: 0.4567 - val_loss: 1.5767 - val_accuracy: 0.4812
Epoch 12/500
19/19 [==============================] - 10s 543ms/step - loss: 1.4387 - accuracy: 0.4750 - val_loss: 1.6725 - val_accuracy: 0.4060
Epoch 13/500
19/19 [==============================] - 9s 497ms/step - loss: 1.4634 - accuracy: 0.4600 - val_loss: 1.5692 - val_accuracy: 0.4110
Epoch 14/500
19/19 [==============================] - 9s 493ms/step - loss: 1.4051 - accuracy: 0.5083 - val_loss: 1.5401 - val_accuracy: 0.4561
Epoch 15/500
19/19 [==============================] - 9s 492ms/step - loss: 1.3555 - accuracy: 0.5117 - val_loss: 1.5200 - val_accuracy: 0.5038
Epoch 16/500
19/19 [==============================] - 9s 492ms/step - loss: 1.3214 - accuracy: 0.5517 - val_loss: 1.4866 - val_accuracy: 0.5038
Epoch 17/500
19/19 [==============================] - 9s 495ms/step - loss: 1.2932 - accuracy: 0.5383 - val_loss: 1.5011 - val_accuracy: 0.4662
Epoch 18/500
19/19 [==============================] - 10s 538ms/step - loss: 1.3227 - accuracy: 0.5100 - val_loss: 1.5965 - val_accuracy: 0.4160
Epoch 19/500
19/19 [==============================] - 9s 490ms/step - loss: 1.2612 - accuracy: 0.5533 - val_loss: 1.4911 - val_accuracy: 0.4336
Epoch 20/500
19/19 [==============================] - 10s 516ms/step - loss: 1.2256 - accuracy: 0.5617 - val_loss: 1.5155 - val_accuracy: 0.5013
Epoch 21/500
19/19 [==============================] - 10s 512ms/step - loss: 1.2161 - accuracy: 0.5850 - val_loss: 1.5410 - val_accuracy: 0.4536
Epoch 22/500
19/19 [==============================] - 9s 491ms/step - loss: 1.1914 - accuracy: 0.5900 - val_loss: 1.4491 - val_accuracy: 0.5113
Epoch 23/500
19/19 [==============================] - 10s 524ms/step - loss: 1.2184 - accuracy: 0.5700 - val_loss: 1.4329 - val_accuracy: 0.5013
Epoch 24/500
19/19 [==============================] - 10s 524ms/step - loss: 1.1161 - accuracy: 0.6100 - val_loss: 1.4245 - val_accuracy: 0.5414
Epoch 25/500
19/19 [==============================] - 9s 503ms/step - loss: 1.1188 - accuracy: 0.6033 - val_loss: 1.4375 - val_accuracy: 0.4962
Epoch 26/500
19/19 [==============================] - 9s 480ms/step - loss: 1.0892 - accuracy: 0.6133 - val_loss: 1.3410 - val_accuracy: 0.5514
Epoch 27/500
19/19 [==============================] - 9s 467ms/step - loss: 1.0327 - accuracy: 0.6583 - val_loss: 1.3845 - val_accuracy: 0.5113
Epoch 28/500
19/19 [==============================] - 9s 461ms/step - loss: 1.0212 - accuracy: 0.6583 - val_loss: 1.3355 - val_accuracy: 0.5363
Epoch 29/500
19/19 [==============================] - 9s 456ms/step - loss: 0.9912 - accuracy: 0.6617 - val_loss: 1.3437 - val_accuracy: 0.5489
Epoch 30/500
19/19 [==============================] - 9s 464ms/step - loss: 0.9713 - accuracy: 0.6583 - val_loss: 1.3653 - val_accuracy: 0.5338
Epoch 31/500
19/19 [==============================] - 9s 461ms/step - loss: 0.9712 - accuracy: 0.6617 - val_loss: 1.4256 - val_accuracy: 0.5188
Epoch 32/500
19/19 [==============================] - 9s 456ms/step - loss: 0.9917 - accuracy: 0.6583 - val_loss: 1.3977 - val_accuracy: 0.4737
Epoch 33/500
19/19 [==============================] - 9s 457ms/step - loss: 0.9200 - accuracy: 0.6900 - val_loss: 1.3079 - val_accuracy: 0.5589
Epoch 34/500
19/19 [==============================] - 8s 447ms/step - loss: 0.8815 - accuracy: 0.7050 - val_loss: 1.3344 - val_accuracy: 0.5388
Epoch 35/500
19/19 [==============================] - 8s 446ms/step - loss: 0.8538 - accuracy: 0.7250 - val_loss: 1.3237 - val_accuracy: 0.5163
Epoch 36/500
19/19 [==============================] - 8s 449ms/step - loss: 0.8410 - accuracy: 0.7417 - val_loss: 1.2593 - val_accuracy: 0.5764
Epoch 37/500
19/19 [==============================] - 8s 451ms/step - loss: 0.8371 - accuracy: 0.6950 - val_loss: 1.3633 - val_accuracy: 0.5414
Epoch 38/500
19/19 [==============================] - 8s 444ms/step - loss: 0.8104 - accuracy: 0.7417 - val_loss: 1.2493 - val_accuracy: 0.5739
Epoch 39/500
19/19 [==============================] - 8s 448ms/step - loss: 0.7588 - accuracy: 0.7533 - val_loss: 1.2822 - val_accuracy: 0.5639
Epoch 40/500
19/19 [==============================] - 8s 446ms/step - loss: 0.7658 - accuracy: 0.7583 - val_loss: 1.2690 - val_accuracy: 0.5464
Epoch 41/500
19/19 [==============================] - 8s 447ms/step - loss: 0.7539 - accuracy: 0.7583 - val_loss: 1.2150 - val_accuracy: 0.5865
Epoch 42/500
19/19 [==============================] - 8s 440ms/step - loss: 0.7285 - accuracy: 0.7600 - val_loss: 1.2509 - val_accuracy: 0.5789
Epoch 43/500
19/19 [==============================] - 8s 442ms/step - loss: 0.7125 - accuracy: 0.7817 - val_loss: 1.3106 - val_accuracy: 0.5539
Epoch 44/500
19/19 [==============================] - 8s 443ms/step - loss: 0.6813 - accuracy: 0.7800 - val_loss: 1.2496 - val_accuracy: 0.5714
Epoch 45/500
19/19 [==============================] - 8s 440ms/step - loss: 0.6677 - accuracy: 0.7850 - val_loss: 1.2819 - val_accuracy: 0.5489
Epoch 46/500
19/19 [==============================] - 8s 449ms/step - loss: 0.6386 - accuracy: 0.8100 - val_loss: 1.2406 - val_accuracy: 0.5764
Epoch 47/500
19/19 [==============================] - 8s 445ms/step - loss: 0.6395 - accuracy: 0.8133 - val_loss: 1.3143 - val_accuracy: 0.5388
Epoch 48/500
19/19 [==============================] - 9s 454ms/step - loss: 0.6395 - accuracy: 0.8067 - val_loss: 1.3157 - val_accuracy: 0.5915
Epoch 49/500
19/19 [==============================] - 8s 440ms/step - loss: 0.6228 - accuracy: 0.8000 - val_loss: 1.2791 - val_accuracy: 0.5639
Epoch 50/500
19/19 [==============================] - 8s 447ms/step - loss: 0.5465 - accuracy: 0.8583 - val_loss: 1.3070 - val_accuracy: 0.5514
Epoch 51/500
19/19 [==============================] - 8s 444ms/step - loss: 0.5667 - accuracy: 0.8250 - val_loss: 1.2455 - val_accuracy: 0.5614
Epoch 52/500
19/19 [==============================] - 8s 446ms/step - loss: 0.5218 - accuracy: 0.8550 - val_loss: 1.3180 - val_accuracy: 0.5514
Epoch 53/500
19/19 [==============================] - 8s 446ms/step - loss: 0.5711 - accuracy: 0.8167 - val_loss: 1.3039 - val_accuracy: 0.5439
Epoch 54/500
19/19 [==============================] - 8s 444ms/step - loss: 0.5395 - accuracy: 0.8367 - val_loss: 1.2692 - val_accuracy: 0.5840
Epoch 55/500
19/19 [==============================] - 8s 438ms/step - loss: 0.5099 - accuracy: 0.8483 - val_loss: 1.2212 - val_accuracy: 0.5890
Epoch 56/500
19/19 [==============================] - 8s 443ms/step - loss: 0.5161 - accuracy: 0.8317 - val_loss: 1.2331 - val_accuracy: 0.5840
Epoch 57/500
19/19 [==============================] - 8s 437ms/step - loss: 0.4579 - accuracy: 0.8683 - val_loss: 1.2090 - val_accuracy: 0.6291
Epoch 58/500
19/19 [==============================] - 8s 449ms/step - loss: 0.4956 - accuracy: 0.8400 - val_loss: 1.2751 - val_accuracy: 0.5714
Epoch 59/500
19/19 [==============================] - 8s 445ms/step - loss: 0.4824 - accuracy: 0.8600 - val_loss: 1.2231 - val_accuracy: 0.6140
Epoch 60/500
19/19 [==============================] - 8s 445ms/step - loss: 0.4684 - accuracy: 0.8583 - val_loss: 1.2637 - val_accuracy: 0.6115
Epoch 61/500
19/19 [==============================] - 8s 446ms/step - loss: 0.4822 - accuracy: 0.8517 - val_loss: 1.2608 - val_accuracy: 0.5840
Epoch 62/500
19/19 [==============================] - 8s 446ms/step - loss: 0.4375 - accuracy: 0.8800 - val_loss: 1.2492 - val_accuracy: 0.6015
Epoch 63/500
19/19 [==============================] - 8s 447ms/step - loss: 0.4529 - accuracy: 0.8650 - val_loss: 1.3614 - val_accuracy: 0.5714
Epoch 64/500
19/19 [==============================] - 9s 453ms/step - loss: 0.4141 - accuracy: 0.8767 - val_loss: 1.2169 - val_accuracy: 0.6040
Epoch 65/500
19/19 [==============================] - 8s 438ms/step - loss: 0.3903 - accuracy: 0.8850 - val_loss: 1.2471 - val_accuracy: 0.5915
Epoch 66/500
19/19 [==============================] - 8s 437ms/step - loss: 0.4234 - accuracy: 0.8717 - val_loss: 1.3685 - val_accuracy: 0.5739
Epoch 67/500
19/19 [==============================] - 8s 447ms/step - loss: 0.3878 - accuracy: 0.8917 - val_loss: 1.3314 - val_accuracy: 0.5789
Epoch 68/500
19/19 [==============================] - 9s 457ms/step - loss: 0.3995 - accuracy: 0.8833 - val_loss: 1.2591 - val_accuracy: 0.6090
Epoch 69/500
19/19 [==============================] - 9s 470ms/step - loss: 0.3566 - accuracy: 0.9117 - val_loss: 1.2403 - val_accuracy: 0.6291
Epoch 70/500
19/19 [==============================] - 9s 460ms/step - loss: 0.3129 - accuracy: 0.9233 - val_loss: 1.2958 - val_accuracy: 0.5815
Epoch 71/500
19/19 [==============================] - 8s 438ms/step - loss: 0.3033 - accuracy: 0.9367 - val_loss: 1.3494 - val_accuracy: 0.5714
Epoch 72/500
19/19 [==============================] - 8s 448ms/step - loss: 0.3213 - accuracy: 0.9050 - val_loss: 1.3150 - val_accuracy: 0.5890
Epoch 73/500
19/19 [==============================] - 8s 425ms/step - loss: 0.3154 - accuracy: 0.9183 - val_loss: 1.2701 - val_accuracy: 0.6140
Epoch 74/500
19/19 [==============================] - 8s 417ms/step - loss: 0.2912 - accuracy: 0.9383 - val_loss: 1.2330 - val_accuracy: 0.6216
Epoch 75/500
19/19 [==============================] - 8s 416ms/step - loss: 0.2725 - accuracy: 0.9383 - val_loss: 1.2231 - val_accuracy: 0.6341
Epoch 76/500
19/19 [==============================] - 8s 412ms/step - loss: 0.2514 - accuracy: 0.9500 - val_loss: 1.2942 - val_accuracy: 0.6190
Epoch 77/500
19/19 [==============================] - 8s 416ms/step - loss: 0.2589 - accuracy: 0.9450 - val_loss: 1.3240 - val_accuracy: 0.5915
Epoch 78/500
19/19 [==============================] - 8s 418ms/step - loss: 0.2658 - accuracy: 0.9250 - val_loss: 1.2823 - val_accuracy: 0.6040
Epoch 79/500
19/19 [==============================] - 8s 423ms/step - loss: 0.2455 - accuracy: 0.9450 - val_loss: 1.3285 - val_accuracy: 0.5940
Epoch 80/500
19/19 [==============================] - 8s 413ms/step - loss: 0.2258 - accuracy: 0.9533 - val_loss: 1.2758 - val_accuracy: 0.6241
Epoch 81/500
19/19 [==============================] - 8s 421ms/step - loss: 0.2322 - accuracy: 0.9433 - val_loss: 1.3295 - val_accuracy: 0.6190
Epoch 82/500
19/19 [==============================] - 8s 421ms/step - loss: 0.2174 - accuracy: 0.9600 - val_loss: 1.2935 - val_accuracy: 0.6140
Epoch 83/500
19/19 [==============================] - 8s 418ms/step - loss: 0.2212 - accuracy: 0.9583 - val_loss: 1.3430 - val_accuracy: 0.5840
Epoch 84/500
19/19 [==============================] - 8s 416ms/step - loss: 0.2191 - accuracy: 0.9583 - val_loss: 1.3811 - val_accuracy: 0.5940
Epoch 85/500
19/19 [==============================] - 8s 419ms/step - loss: 0.1925 - accuracy: 0.9650 - val_loss: 1.3740 - val_accuracy: 0.6065
Epoch 86/500
19/19 [==============================] - 8s 419ms/step - loss: 0.1753 - accuracy: 0.9683 - val_loss: 1.2972 - val_accuracy: 0.6291
Epoch 87/500
19/19 [==============================] - 8s 419ms/step - loss: 0.1662 - accuracy: 0.9783 - val_loss: 1.3932 - val_accuracy: 0.6115
Epoch 88/500
19/19 [==============================] - 8s 418ms/step - loss: 0.2118 - accuracy: 0.9500 - val_loss: 1.3941 - val_accuracy: 0.6065
Epoch 89/500
19/19 [==============================] - 8s 420ms/step - loss: 0.1792 - accuracy: 0.9650 - val_loss: 1.3964 - val_accuracy: 0.6266
Epoch 90/500
19/19 [==============================] - 8s 424ms/step - loss: 0.1580 - accuracy: 0.9767 - val_loss: 1.3878 - val_accuracy: 0.6015
Epoch 91/500
19/19 [==============================] - 8s 418ms/step - loss: 0.1604 - accuracy: 0.9717 - val_loss: 1.3868 - val_accuracy: 0.6266
Epoch 92/500
19/19 [==============================] - 8s 428ms/step - loss: 0.1498 - accuracy: 0.9850 - val_loss: 1.3437 - val_accuracy: 0.6316
Epoch 93/500
19/19 [==============================] - 8s 422ms/step - loss: 0.1450 - accuracy: 0.9767 - val_loss: 1.3822 - val_accuracy: 0.6216
Epoch 94/500
19/19 [==============================] - 8s 422ms/step - loss: 0.1392 - accuracy: 0.9767 - val_loss: 1.4162 - val_accuracy: 0.6140
Epoch 95/500
19/19 [==============================] - 8s 422ms/step - loss: 0.1351 - accuracy: 0.9817 - val_loss: 1.3631 - val_accuracy: 0.6266
Epoch 96/500
19/19 [==============================] - 8s 422ms/step - loss: 0.1359 - accuracy: 0.9833 - val_loss: 1.3823 - val_accuracy: 0.6165
Epoch 97/500
19/19 [==============================] - 8s 421ms/step - loss: 0.1410 - accuracy: 0.9733 - val_loss: 1.4249 - val_accuracy: 0.6090
Epoch 98/500
19/19 [==============================] - 8s 422ms/step - loss: 0.1439 - accuracy: 0.9683 - val_loss: 1.4474 - val_accuracy: 0.6090
Epoch 99/500
19/19 [==============================] - 8s 426ms/step - loss: 0.1424 - accuracy: 0.9767 - val_loss: 1.4444 - val_accuracy: 0.6065
Epoch 100/500
19/19 [==============================] - 8s 426ms/step - loss: 0.1105 - accuracy: 0.9917 - val_loss: 1.4040 - val_accuracy: 0.6165
Epoch 101/500
19/19 [==============================] - 8s 420ms/step - loss: 0.1057 - accuracy: 0.9833 - val_loss: 1.5406 - val_accuracy: 0.5890
Epoch 102/500
19/19 [==============================] - 8s 422ms/step - loss: 0.1134 - accuracy: 0.9850 - val_loss: 1.4939 - val_accuracy: 0.5840
Epoch 103/500
19/19 [==============================] - 8s 422ms/step - loss: 0.1051 - accuracy: 0.9867 - val_loss: 1.4111 - val_accuracy: 0.6341
Epoch 104/500
19/19 [==============================] - 8s 414ms/step - loss: 0.0935 - accuracy: 0.9900 - val_loss: 1.4042 - val_accuracy: 0.6391
Epoch 105/500
19/19 [==============================] - 8s 424ms/step - loss: 0.0881 - accuracy: 0.9950 - val_loss: 1.4382 - val_accuracy: 0.6165
Epoch 106/500
19/19 [==============================] - 8s 422ms/step - loss: 0.0859 - accuracy: 0.9917 - val_loss: 1.4872 - val_accuracy: 0.6241
Epoch 107/500
19/19 [==============================] - 8s 417ms/step - loss: 0.0935 - accuracy: 0.9933 - val_loss: 1.4921 - val_accuracy: 0.6140
Epoch 108/500
19/19 [==============================] - 8s 425ms/step - loss: 0.0802 - accuracy: 0.9967 - val_loss: 1.4258 - val_accuracy: 0.6316
Epoch 109/500
19/19 [==============================] - 8s 420ms/step - loss: 0.0781 - accuracy: 0.9967 - val_loss: 1.4881 - val_accuracy: 0.6241
Epoch 110/500
19/19 [==============================] - 8s 418ms/step - loss: 0.0739 - accuracy: 0.9950 - val_loss: 1.4968 - val_accuracy: 0.6165
Epoch 111/500
19/19 [==============================] - 8s 423ms/step - loss: 0.0757 - accuracy: 0.9917 - val_loss: 1.4648 - val_accuracy: 0.6316
Epoch 112/500
19/19 [==============================] - 8s 425ms/step - loss: 0.0822 - accuracy: 0.9933 - val_loss: 1.4656 - val_accuracy: 0.6366
Epoch 113/500
19/19 [==============================] - 8s 421ms/step - loss: 0.0678 - accuracy: 0.9967 - val_loss: 1.4664 - val_accuracy: 0.6316
Epoch 114/500
19/19 [==============================] - 8s 430ms/step - loss: 0.0574 - accuracy: 0.9983 - val_loss: 1.4939 - val_accuracy: 0.6190
Epoch 115/500
19/19 [==============================] - 8s 418ms/step - loss: 0.0604 - accuracy: 0.9950 - val_loss: 1.4697 - val_accuracy: 0.6291
Epoch 116/500
19/19 [==============================] - 8s 434ms/step - loss: 0.0592 - accuracy: 0.9983 - val_loss: 1.4999 - val_accuracy: 0.6316
Epoch 117/500
19/19 [==============================] - 8s 422ms/step - loss: 0.0566 - accuracy: 0.9967 - val_loss: 1.4873 - val_accuracy: 0.6216
Epoch 118/500
19/19 [==============================] - 8s 424ms/step - loss: 0.0618 - accuracy: 0.9983 - val_loss: 1.4769 - val_accuracy: 0.6366
Epoch 119/500
19/19 [==============================] - 8s 427ms/step - loss: 0.0601 - accuracy: 0.9967 - val_loss: 1.5030 - val_accuracy: 0.6416
Epoch 120/500
19/19 [==============================] - 8s 419ms/step - loss: 0.0453 - accuracy: 1.0000 - val_loss: 1.5429 - val_accuracy: 0.6216
Epoch 121/500
19/19 [==============================] - 8s 423ms/step - loss: 0.0475 - accuracy: 0.9983 - val_loss: 1.5151 - val_accuracy: 0.6341
Epoch 122/500
19/19 [==============================] - 8s 421ms/step - loss: 0.0517 - accuracy: 0.9983 - val_loss: 1.6601 - val_accuracy: 0.6090
Epoch 123/500
19/19 [==============================] - 8s 426ms/step - loss: 0.0700 - accuracy: 0.9950 - val_loss: 1.5343 - val_accuracy: 0.6416
Epoch 124/500
19/19 [==============================] - 8s 420ms/step - loss: 0.0653 - accuracy: 0.9950 - val_loss: 1.6713 - val_accuracy: 0.6040
Epoch 125/500
19/19 [==============================] - 8s 422ms/step - loss: 0.0657 - accuracy: 0.9933 - val_loss: 1.5275 - val_accuracy: 0.6291
Epoch 126/500
19/19 [==============================] - 8s 422ms/step - loss: 0.0558 - accuracy: 0.9983 - val_loss: 1.5517 - val_accuracy: 0.6341
Epoch 127/500
19/19 [==============================] - 8s 423ms/step - loss: 0.0609 - accuracy: 0.9933 - val_loss: 1.6146 - val_accuracy: 0.6065
Epoch 128/500
19/19 [==============================] - 8s 423ms/step - loss: 0.0536 - accuracy: 0.9950 - val_loss: 1.5520 - val_accuracy: 0.6416
Epoch 129/500
19/19 [==============================] - 8s 427ms/step - loss: 0.0474 - accuracy: 0.9967 - val_loss: 1.6065 - val_accuracy: 0.6241
Epoch 130/500
19/19 [==============================] - 8s 425ms/step - loss: 0.0395 - accuracy: 0.9967 - val_loss: 1.7652 - val_accuracy: 0.5965
Epoch 131/500
19/19 [==============================] - 8s 428ms/step - loss: 0.0451 - accuracy: 0.9983 - val_loss: 1.6080 - val_accuracy: 0.6241
Epoch 132/500
19/19 [==============================] - 8s 426ms/step - loss: 0.0434 - accuracy: 0.9967 - val_loss: 1.7125 - val_accuracy: 0.5940
Epoch 133/500
19/19 [==============================] - 8s 423ms/step - loss: 0.0553 - accuracy: 0.9933 - val_loss: 1.6056 - val_accuracy: 0.6366
Epoch 134/500
19/19 [==============================] - 8s 423ms/step - loss: 0.0428 - accuracy: 0.9983 - val_loss: 1.6401 - val_accuracy: 0.5990
Epoch 135/500
19/19 [==============================] - 8s 423ms/step - loss: 0.0505 - accuracy: 0.9950 - val_loss: 1.6671 - val_accuracy: 0.5965
Epoch 136/500
19/19 [==============================] - 8s 427ms/step - loss: 0.0426 - accuracy: 0.9967 - val_loss: 1.6035 - val_accuracy: 0.6266
Epoch 137/500
19/19 [==============================] - 8s 426ms/step - loss: 0.0337 - accuracy: 1.0000 - val_loss: 1.6249 - val_accuracy: 0.6341
Epoch 138/500
19/19 [==============================] - 8s 425ms/step - loss: 0.0371 - accuracy: 0.9917 - val_loss: 1.5864 - val_accuracy: 0.6366
Epoch 139/500
19/19 [==============================] - 8s 425ms/step - loss: 0.0336 - accuracy: 1.0000 - val_loss: 1.5799 - val_accuracy: 0.6466
Epoch 140/500
19/19 [==============================] - 8s 425ms/step - loss: 0.0299 - accuracy: 1.0000 - val_loss: 1.6362 - val_accuracy: 0.6391
Epoch 141/500
19/19 [==============================] - 8s 426ms/step - loss: 0.0433 - accuracy: 0.9917 - val_loss: 1.6332 - val_accuracy: 0.6316
Epoch 142/500
19/19 [==============================] - 8s 428ms/step - loss: 0.0327 - accuracy: 1.0000 - val_loss: 1.6136 - val_accuracy: 0.6366
Epoch 143/500
19/19 [==============================] - 8s 421ms/step - loss: 0.0260 - accuracy: 1.0000 - val_loss: 1.6402 - val_accuracy: 0.6266
Epoch 144/500
19/19 [==============================] - 8s 424ms/step - loss: 0.0253 - accuracy: 1.0000 - val_loss: 1.6873 - val_accuracy: 0.6391
Epoch 145/500
19/19 [==============================] - 8s 431ms/step - loss: 0.0290 - accuracy: 0.9983 - val_loss: 1.6873 - val_accuracy: 0.6266
Epoch 146/500
19/19 [==============================] - 8s 429ms/step - loss: 0.0253 - accuracy: 1.0000 - val_loss: 1.6527 - val_accuracy: 0.6441
Epoch 147/500
19/19 [==============================] - 8s 422ms/step - loss: 0.0236 - accuracy: 1.0000 - val_loss: 1.6556 - val_accuracy: 0.6291
Epoch 148/500
19/19 [==============================] - 8s 426ms/step - loss: 0.0269 - accuracy: 0.9983 - val_loss: 1.7174 - val_accuracy: 0.6366
Epoch 149/500
19/19 [==============================] - 8s 424ms/step - loss: 0.0325 - accuracy: 0.9983 - val_loss: 1.7062 - val_accuracy: 0.6190
Epoch 150/500
19/19 [==============================] - 8s 437ms/step - loss: 0.0283 - accuracy: 1.0000 - val_loss: 1.7598 - val_accuracy: 0.6065
Epoch 151/500
19/19 [==============================] - 8s 420ms/step - loss: 0.0327 - accuracy: 0.9933 - val_loss: 1.6847 - val_accuracy: 0.6441
Epoch 152/500
19/19 [==============================] - 8s 425ms/step - loss: 0.0333 - accuracy: 0.9950 - val_loss: 1.8732 - val_accuracy: 0.6241
Epoch 153/500
19/19 [==============================] - 8s 420ms/step - loss: 0.0557 - accuracy: 0.9867 - val_loss: 1.6648 - val_accuracy: 0.6366
Epoch 154/500
19/19 [==============================] - 8s 429ms/step - loss: 0.0680 - accuracy: 0.9800 - val_loss: 1.9962 - val_accuracy: 0.5564
Epoch 155/500
19/19 [==============================] - 8s 420ms/step - loss: 0.0698 - accuracy: 0.9883 - val_loss: 1.7967 - val_accuracy: 0.6040
Epoch 156/500
19/19 [==============================] - 8s 429ms/step - loss: 0.0330 - accuracy: 1.0000 - val_loss: 1.7954 - val_accuracy: 0.6015
Epoch 157/500
19/19 [==============================] - 8s 423ms/step - loss: 0.0270 - accuracy: 0.9983 - val_loss: 1.7226 - val_accuracy: 0.6216
Epoch 158/500
19/19 [==============================] - 8s 425ms/step - loss: 0.0249 - accuracy: 0.9983 - val_loss: 1.7086 - val_accuracy: 0.6241
Epoch 159/500
19/19 [==============================] - 8s 425ms/step - loss: 0.0247 - accuracy: 1.0000 - val_loss: 1.6885 - val_accuracy: 0.6366
Epoch 160/500
19/19 [==============================] - 8s 425ms/step - loss: 0.0203 - accuracy: 0.9983 - val_loss: 1.7695 - val_accuracy: 0.6241
Epoch 161/500
19/19 [==============================] - 8s 427ms/step - loss: 0.0176 - accuracy: 1.0000 - val_loss: 1.7639 - val_accuracy: 0.6366
Epoch 162/500
19/19 [==============================] - 8s 426ms/step - loss: 0.0157 - accuracy: 1.0000 - val_loss: 1.7002 - val_accuracy: 0.6366
Epoch 163/500
19/19 [==============================] - 8s 427ms/step - loss: 0.0143 - accuracy: 1.0000 - val_loss: 1.7289 - val_accuracy: 0.6291
Epoch 164/500
19/19 [==============================] - 8s 425ms/step - loss: 0.0149 - accuracy: 1.0000 - val_loss: 1.7240 - val_accuracy: 0.6416
Epoch 165/500
19/19 [==============================] - 8s 426ms/step - loss: 0.0158 - accuracy: 1.0000 - val_loss: 1.7371 - val_accuracy: 0.6441
Epoch 166/500
19/19 [==============================] - 8s 428ms/step - loss: 0.0158 - accuracy: 1.0000 - val_loss: 1.7516 - val_accuracy: 0.6491
Epoch 167/500
19/19 [==============================] - 8s 427ms/step - loss: 0.0131 - accuracy: 1.0000 - val_loss: 1.7476 - val_accuracy: 0.6266
Epoch 168/500
19/19 [==============================] - 8s 423ms/step - loss: 0.0168 - accuracy: 1.0000 - val_loss: 1.8867 - val_accuracy: 0.6165
Epoch 169/500
19/19 [==============================] - 8s 423ms/step - loss: 0.0157 - accuracy: 1.0000 - val_loss: 1.7879 - val_accuracy: 0.6316
Epoch 170/500
19/19 [==============================] - 8s 423ms/step - loss: 0.0159 - accuracy: 1.0000 - val_loss: 1.7876 - val_accuracy: 0.6341
Epoch 171/500
19/19 [==============================] - 8s 427ms/step - loss: 0.0179 - accuracy: 0.9983 - val_loss: 1.8369 - val_accuracy: 0.6366
Epoch 172/500
19/19 [==============================] - 8s 426ms/step - loss: 0.0163 - accuracy: 1.0000 - val_loss: 1.8559 - val_accuracy: 0.6366
Epoch 173/500
19/19 [==============================] - 8s 429ms/step - loss: 0.0244 - accuracy: 0.9950 - val_loss: 1.8391 - val_accuracy: 0.6516
Epoch 174/500
19/19 [==============================] - 8s 425ms/step - loss: 0.0154 - accuracy: 1.0000 - val_loss: 1.8019 - val_accuracy: 0.6316
Epoch 175/500
19/19 [==============================] - 8s 420ms/step - loss: 0.0117 - accuracy: 1.0000 - val_loss: 1.7714 - val_accuracy: 0.6391
Epoch 176/500
19/19 [==============================] - 8s 424ms/step - loss: 0.0103 - accuracy: 1.0000 - val_loss: 1.8208 - val_accuracy: 0.6516
Epoch 177/500
19/19 [==============================] - 8s 428ms/step - loss: 0.0144 - accuracy: 0.9983 - val_loss: 1.8852 - val_accuracy: 0.6115
Epoch 178/500
19/19 [==============================] - 8s 426ms/step - loss: 0.0115 - accuracy: 1.0000 - val_loss: 1.7945 - val_accuracy: 0.6291
Epoch 179/500
19/19 [==============================] - 8s 425ms/step - loss: 0.0128 - accuracy: 1.0000 - val_loss: 1.8538 - val_accuracy: 0.6040
Epoch 180/500
19/19 [==============================] - 8s 422ms/step - loss: 0.0121 - accuracy: 1.0000 - val_loss: 1.8514 - val_accuracy: 0.6466
Epoch 181/500
19/19 [==============================] - 8s 420ms/step - loss: 0.0109 - accuracy: 1.0000 - val_loss: 1.8208 - val_accuracy: 0.6466
Epoch 182/500
19/19 [==============================] - 8s 428ms/step - loss: 0.0140 - accuracy: 0.9983 - val_loss: 1.8840 - val_accuracy: 0.6216
Epoch 183/500
19/19 [==============================] - 8s 430ms/step - loss: 0.0146 - accuracy: 1.0000 - val_loss: 1.8209 - val_accuracy: 0.6416
Epoch 184/500
19/19 [==============================] - 8s 427ms/step - loss: 0.0146 - accuracy: 1.0000 - val_loss: 1.8057 - val_accuracy: 0.6391
Epoch 185/500
19/19 [==============================] - 8s 433ms/step - loss: 0.0172 - accuracy: 0.9983 - val_loss: 1.8720 - val_accuracy: 0.6416
Epoch 186/500
19/19 [==============================] - 8s 424ms/step - loss: 0.0137 - accuracy: 1.0000 - val_loss: 1.8606 - val_accuracy: 0.6391
Epoch 187/500
19/19 [==============================] - 8s 425ms/step - loss: 0.0132 - accuracy: 1.0000 - val_loss: 1.8701 - val_accuracy: 0.6216
Epoch 188/500
19/19 [==============================] - 8s 421ms/step - loss: 0.0131 - accuracy: 1.0000 - val_loss: 1.8412 - val_accuracy: 0.6266
Epoch 189/500
19/19 [==============================] - 8s 427ms/step - loss: 0.0084 - accuracy: 1.0000 - val_loss: 1.8264 - val_accuracy: 0.6466
Epoch 190/500
19/19 [==============================] - 8s 427ms/step - loss: 0.0288 - accuracy: 0.9900 - val_loss: 1.8459 - val_accuracy: 0.6316
Epoch 191/500
19/19 [==============================] - 8s 427ms/step - loss: 0.0626 - accuracy: 0.9883 - val_loss: 2.0882 - val_accuracy: 0.5940
Epoch 192/500
19/19 [==============================] - 8s 427ms/step - loss: 0.0134 - accuracy: 1.0000 - val_loss: 1.8370 - val_accuracy: 0.6241
Epoch 193/500
19/19 [==============================] - 8s 424ms/step - loss: 0.0094 - accuracy: 1.0000 - val_loss: 1.8713 - val_accuracy: 0.6291
Epoch 194/500
19/19 [==============================] - 8s 428ms/step - loss: 0.0096 - accuracy: 1.0000 - val_loss: 1.8353 - val_accuracy: 0.6291
Epoch 195/500
19/19 [==============================] - 8s 428ms/step - loss: 0.0102 - accuracy: 1.0000 - val_loss: 1.8974 - val_accuracy: 0.6216
Epoch 196/500
19/19 [==============================] - 8s 430ms/step - loss: 0.0081 - accuracy: 1.0000 - val_loss: 1.8692 - val_accuracy: 0.6316
Epoch 197/500
19/19 [==============================] - 8s 429ms/step - loss: 0.0078 - accuracy: 1.0000 - val_loss: 1.8811 - val_accuracy: 0.6316
Epoch 198/500
19/19 [==============================] - 8s 427ms/step - loss: 0.0103 - accuracy: 1.0000 - val_loss: 1.9244 - val_accuracy: 0.6391
Epoch 199/500
19/19 [==============================] - 8s 425ms/step - loss: 0.0115 - accuracy: 0.9983 - val_loss: 1.9736 - val_accuracy: 0.6190
Epoch 200/500
19/19 [==============================] - 8s 422ms/step - loss: 0.0104 - accuracy: 1.0000 - val_loss: 1.8685 - val_accuracy: 0.6416
Epoch 201/500
19/19 [==============================] - 8s 422ms/step - loss: 0.0073 - accuracy: 1.0000 - val_loss: 1.9532 - val_accuracy: 0.6216
Epoch 202/500
19/19 [==============================] - 8s 425ms/step - loss: 0.0078 - accuracy: 1.0000 - val_loss: 1.8777 - val_accuracy: 0.6391
Epoch 203/500
19/19 [==============================] - 8s 427ms/step - loss: 0.0080 - accuracy: 1.0000 - val_loss: 1.9563 - val_accuracy: 0.6291
Epoch 204/500
19/19 [==============================] - 8s 428ms/step - loss: 0.0072 - accuracy: 1.0000 - val_loss: 1.9391 - val_accuracy: 0.6441
Epoch 205/500
19/19 [==============================] - 8s 428ms/step - loss: 0.0063 - accuracy: 1.0000 - val_loss: 1.9146 - val_accuracy: 0.6341
Epoch 206/500
19/19 [==============================] - 8s 425ms/step - loss: 0.0066 - accuracy: 1.0000 - val_loss: 1.9465 - val_accuracy: 0.6391
Epoch 207/500
19/19 [==============================] - 8s 428ms/step - loss: 0.0080 - accuracy: 1.0000 - val_loss: 1.9017 - val_accuracy: 0.6391
Epoch 208/500
19/19 [==============================] - 8s 427ms/step - loss: 0.0061 - accuracy: 1.0000 - val_loss: 1.9542 - val_accuracy: 0.6216
Epoch 209/500
19/19 [==============================] - 8s 425ms/step - loss: 0.0084 - accuracy: 1.0000 - val_loss: 1.9051 - val_accuracy: 0.6291
Epoch 210/500
19/19 [==============================] - 8s 429ms/step - loss: 0.0064 - accuracy: 1.0000 - val_loss: 1.9326 - val_accuracy: 0.6241
Epoch 211/500
19/19 [==============================] - 8s 431ms/step - loss: 0.0054 - accuracy: 1.0000 - val_loss: 1.9586 - val_accuracy: 0.6341
Epoch 212/500
19/19 [==============================] - 8s 426ms/step - loss: 0.0053 - accuracy: 1.0000 - val_loss: 1.9888 - val_accuracy: 0.6366
Epoch 213/500
19/19 [==============================] - 8s 429ms/step - loss: 0.0061 - accuracy: 1.0000 - val_loss: 1.9301 - val_accuracy: 0.6491
Epoch 214/500
19/19 [==============================] - 8s 424ms/step - loss: 0.0089 - accuracy: 1.0000 - val_loss: 1.9078 - val_accuracy: 0.6441
Epoch 215/500
19/19 [==============================] - 8s 425ms/step - loss: 0.0082 - accuracy: 1.0000 - val_loss: 2.0069 - val_accuracy: 0.6090
Epoch 216/500
19/19 [==============================] - 8s 425ms/step - loss: 0.0106 - accuracy: 1.0000 - val_loss: 1.8935 - val_accuracy: 0.6416
Epoch 217/500
19/19 [==============================] - 8s 430ms/step - loss: 0.0072 - accuracy: 1.0000 - val_loss: 1.9147 - val_accuracy: 0.6241
Epoch 218/500
19/19 [==============================] - 8s 420ms/step - loss: 0.0049 - accuracy: 1.0000 - val_loss: 1.9554 - val_accuracy: 0.6391
Epoch 219/500
19/19 [==============================] - 8s 430ms/step - loss: 0.0053 - accuracy: 1.0000 - val_loss: 1.9840 - val_accuracy: 0.6441
Epoch 220/500
19/19 [==============================] - 8s 427ms/step - loss: 0.0061 - accuracy: 1.0000 - val_loss: 2.0628 - val_accuracy: 0.6140
Epoch 221/500
19/19 [==============================] - 8s 420ms/step - loss: 0.0071 - accuracy: 1.0000 - val_loss: 1.9358 - val_accuracy: 0.6391
Epoch 222/500
19/19 [==============================] - 8s 423ms/step - loss: 0.0055 - accuracy: 1.0000 - val_loss: 2.0085 - val_accuracy: 0.6216
Epoch 223/500
19/19 [==============================] - 8s 429ms/step - loss: 0.0043 - accuracy: 1.0000 - val_loss: 1.9875 - val_accuracy: 0.6441
Epoch 224/500
19/19 [==============================] - 8s 420ms/step - loss: 0.0055 - accuracy: 1.0000 - val_loss: 1.9731 - val_accuracy: 0.6341
Epoch 225/500
19/19 [==============================] - 8s 433ms/step - loss: 0.0068 - accuracy: 1.0000 - val_loss: 1.9679 - val_accuracy: 0.6441
Epoch 226/500
19/19 [==============================] - 8s 428ms/step - loss: 0.0075 - accuracy: 1.0000 - val_loss: 2.0062 - val_accuracy: 0.6190
Epoch 227/500
19/19 [==============================] - 8s 427ms/step - loss: 0.0091 - accuracy: 1.0000 - val_loss: 2.0284 - val_accuracy: 0.6190
Epoch 228/500
19/19 [==============================] - 8s 428ms/step - loss: 0.0160 - accuracy: 0.9967 - val_loss: 2.1949 - val_accuracy: 0.6090
Epoch 229/500
19/19 [==============================] - 8s 424ms/step - loss: 0.1422 - accuracy: 0.9600 - val_loss: 2.1288 - val_accuracy: 0.5714
Epoch 230/500
19/19 [==============================] - 8s 423ms/step - loss: 0.0612 - accuracy: 0.9850 - val_loss: 2.3106 - val_accuracy: 0.5764
Epoch 231/500
19/19 [==============================] - 8s 428ms/step - loss: 0.0840 - accuracy: 0.9783 - val_loss: 2.0401 - val_accuracy: 0.5539
Epoch 232/500
19/19 [==============================] - 8s 428ms/step - loss: 0.0499 - accuracy: 0.9833 - val_loss: 1.9803 - val_accuracy: 0.5965
Epoch 233/500
19/19 [==============================] - 8s 425ms/step - loss: 0.0259 - accuracy: 0.9967 - val_loss: 1.9048 - val_accuracy: 0.6165
Epoch 234/500
19/19 [==============================] - 8s 425ms/step - loss: 0.0114 - accuracy: 1.0000 - val_loss: 1.9885 - val_accuracy: 0.6065
Epoch 235/500
19/19 [==============================] - 8s 425ms/step - loss: 0.0098 - accuracy: 1.0000 - val_loss: 2.0164 - val_accuracy: 0.6516
Epoch 236/500
19/19 [==============================] - 8s 423ms/step - loss: 0.0060 - accuracy: 1.0000 - val_loss: 1.9899 - val_accuracy: 0.6241
Epoch 237/500
19/19 [==============================] - 8s 422ms/step - loss: 0.0043 - accuracy: 1.0000 - val_loss: 1.9538 - val_accuracy: 0.6416
Epoch 238/500
19/19 [==============================] - 8s 422ms/step - loss: 0.0045 - accuracy: 1.0000 - val_loss: 1.9454 - val_accuracy: 0.6366
Epoch 239/500
19/19 [==============================] - 8s 422ms/step - loss: 0.0039 - accuracy: 1.0000 - val_loss: 1.9380 - val_accuracy: 0.6416
Epoch 240/500
19/19 [==============================] - 8s 429ms/step - loss: 0.0041 - accuracy: 1.0000 - val_loss: 1.9573 - val_accuracy: 0.6316
Epoch 241/500
19/19 [==============================] - 8s 420ms/step - loss: 0.0049 - accuracy: 1.0000 - val_loss: 1.9541 - val_accuracy: 0.6391
Epoch 242/500
19/19 [==============================] - 8s 424ms/step - loss: 0.0035 - accuracy: 1.0000 - val_loss: 2.0314 - val_accuracy: 0.6416
Epoch 243/500
19/19 [==============================] - 8s 425ms/step - loss: 0.0037 - accuracy: 1.0000 - val_loss: 1.9829 - val_accuracy: 0.6341
Epoch 244/500
19/19 [==============================] - 8s 424ms/step - loss: 0.0036 - accuracy: 1.0000 - val_loss: 2.0409 - val_accuracy: 0.6391
Epoch 245/500
19/19 [==============================] - 8s 422ms/step - loss: 0.0037 - accuracy: 1.0000 - val_loss: 2.0219 - val_accuracy: 0.6291
Epoch 246/500
19/19 [==============================] - 8s 426ms/step - loss: 0.0040 - accuracy: 1.0000 - val_loss: 2.0559 - val_accuracy: 0.6241
Epoch 247/500
19/19 [==============================] - 8s 426ms/step - loss: 0.0036 - accuracy: 1.0000 - val_loss: 2.0288 - val_accuracy: 0.6491
Epoch 248/500
19/19 [==============================] - 8s 420ms/step - loss: 0.0033 - accuracy: 1.0000 - val_loss: 2.0250 - val_accuracy: 0.6466
Epoch 249/500
19/19 [==============================] - 8s 425ms/step - loss: 0.0079 - accuracy: 1.0000 - val_loss: 2.0178 - val_accuracy: 0.6516
Epoch 250/500
19/19 [==============================] - 8s 424ms/step - loss: 0.0054 - accuracy: 1.0000 - val_loss: 1.9767 - val_accuracy: 0.6291
Epoch 251/500
19/19 [==============================] - 8s 423ms/step - loss: 0.0031 - accuracy: 1.0000 - val_loss: 2.0198 - val_accuracy: 0.6316
Epoch 252/500
19/19 [==============================] - 8s 419ms/step - loss: 0.0034 - accuracy: 1.0000 - val_loss: 2.0063 - val_accuracy: 0.6466
Epoch 253/500
19/19 [==============================] - 8s 424ms/step - loss: 0.0031 - accuracy: 1.0000 - val_loss: 1.9962 - val_accuracy: 0.6366
Epoch 254/500
19/19 [==============================] - 8s 427ms/step - loss: 0.0060 - accuracy: 1.0000 - val_loss: 2.0974 - val_accuracy: 0.6291
Epoch 255/500
19/19 [==============================] - 8s 420ms/step - loss: 0.0037 - accuracy: 1.0000 - val_loss: 2.0476 - val_accuracy: 0.6341
Epoch 256/500
19/19 [==============================] - 8s 428ms/step - loss: 0.0041 - accuracy: 1.0000 - val_loss: 2.0356 - val_accuracy: 0.6416
Epoch 257/500
19/19 [==============================] - 8s 422ms/step - loss: 0.0028 - accuracy: 1.0000 - val_loss: 2.0428 - val_accuracy: 0.6441
Epoch 258/500
19/19 [==============================] - 8s 429ms/step - loss: 0.0034 - accuracy: 1.0000 - val_loss: 2.0310 - val_accuracy: 0.6416
Epoch 259/500
19/19 [==============================] - 8s 418ms/step - loss: 0.0032 - accuracy: 1.0000 - val_loss: 2.0746 - val_accuracy: 0.6341
Epoch 260/500
19/19 [==============================] - 8s 427ms/step - loss: 0.0031 - accuracy: 1.0000 - val_loss: 2.0624 - val_accuracy: 0.6391
Epoch 261/500
19/19 [==============================] - 8s 421ms/step - loss: 0.0038 - accuracy: 1.0000 - val_loss: 2.0054 - val_accuracy: 0.6366
Epoch 262/500
19/19 [==============================] - 8s 427ms/step - loss: 0.0025 - accuracy: 1.0000 - val_loss: 2.0685 - val_accuracy: 0.6316
Epoch 263/500
19/19 [==============================] - 8s 430ms/step - loss: 0.0030 - accuracy: 1.0000 - val_loss: 2.0316 - val_accuracy: 0.6291
Epoch 264/500
19/19 [==============================] - 8s 428ms/step - loss: 0.0029 - accuracy: 1.0000 - val_loss: 2.0632 - val_accuracy: 0.6391
Epoch 265/500
19/19 [==============================] - 8s 426ms/step - loss: 0.0025 - accuracy: 1.0000 - val_loss: 2.0687 - val_accuracy: 0.6416
Epoch 266/500
19/19 [==============================] - 8s 425ms/step - loss: 0.0026 - accuracy: 1.0000 - val_loss: 2.0607 - val_accuracy: 0.6341
Epoch 267/500
19/19 [==============================] - 8s 428ms/step - loss: 0.0026 - accuracy: 1.0000 - val_loss: 2.0566 - val_accuracy: 0.6366
Epoch 268/500
19/19 [==============================] - 8s 425ms/step - loss: 0.0042 - accuracy: 1.0000 - val_loss: 2.0733 - val_accuracy: 0.6316
Epoch 269/500
19/19 [==============================] - 8s 427ms/step - loss: 0.0029 - accuracy: 1.0000 - val_loss: 2.0681 - val_accuracy: 0.6416
Epoch 270/500
19/19 [==============================] - 8s 432ms/step - loss: 0.0027 - accuracy: 1.0000 - val_loss: 2.0681 - val_accuracy: 0.6491
Epoch 271/500
19/19 [==============================] - 8s 426ms/step - loss: 0.0038 - accuracy: 1.0000 - val_loss: 2.1501 - val_accuracy: 0.6366
Epoch 272/500
19/19 [==============================] - 8s 425ms/step - loss: 0.0041 - accuracy: 1.0000 - val_loss: 2.1258 - val_accuracy: 0.6216
Epoch 273/500
19/19 [==============================] - 8s 422ms/step - loss: 0.0027 - accuracy: 1.0000 - val_loss: 2.1474 - val_accuracy: 0.6366
Epoch 274/500
19/19 [==============================] - 8s 429ms/step - loss: 0.0027 - accuracy: 1.0000 - val_loss: 2.0667 - val_accuracy: 0.6341
Epoch 275/500
19/19 [==============================] - 8s 427ms/step - loss: 0.0028 - accuracy: 1.0000 - val_loss: 2.0792 - val_accuracy: 0.6341
Epoch 276/500
19/19 [==============================] - 8s 419ms/step - loss: 0.0031 - accuracy: 1.0000 - val_loss: 2.0706 - val_accuracy: 0.6416
Epoch 277/500
19/19 [==============================] - 8s 423ms/step - loss: 0.0022 - accuracy: 1.0000 - val_loss: 2.1232 - val_accuracy: 0.6466
Epoch 278/500
19/19 [==============================] - 8s 427ms/step - loss: 0.0022 - accuracy: 1.0000 - val_loss: 2.0816 - val_accuracy: 0.6441
Epoch 279/500
19/19 [==============================] - 8s 424ms/step - loss: 0.0027 - accuracy: 1.0000 - val_loss: 2.1687 - val_accuracy: 0.6466
Epoch 280/500
19/19 [==============================] - 8s 430ms/step - loss: 0.0024 - accuracy: 1.0000 - val_loss: 2.1933 - val_accuracy: 0.6341
Epoch 281/500
19/19 [==============================] - 8s 426ms/step - loss: 0.0023 - accuracy: 1.0000 - val_loss: 2.0942 - val_accuracy: 0.6491
Epoch 282/500
19/19 [==============================] - 8s 422ms/step - loss: 0.0020 - accuracy: 1.0000 - val_loss: 2.1295 - val_accuracy: 0.6466
Epoch 283/500
19/19 [==============================] - 8s 422ms/step - loss: 0.0015 - accuracy: 1.0000 - val_loss: 2.0990 - val_accuracy: 0.6441
Epoch 284/500
19/19 [==============================] - 8s 426ms/step - loss: 0.0022 - accuracy: 1.0000 - val_loss: 2.2277 - val_accuracy: 0.6391
Epoch 285/500
19/19 [==============================] - 8s 429ms/step - loss: 0.0022 - accuracy: 1.0000 - val_loss: 2.1291 - val_accuracy: 0.6316
Epoch 286/500
19/19 [==============================] - 8s 426ms/step - loss: 0.0023 - accuracy: 1.0000 - val_loss: 2.0804 - val_accuracy: 0.6416
Epoch 287/500
19/19 [==============================] - 8s 427ms/step - loss: 0.0019 - accuracy: 1.0000 - val_loss: 2.1488 - val_accuracy: 0.6416
Epoch 288/500
19/19 [==============================] - 8s 423ms/step - loss: 0.0022 - accuracy: 1.0000 - val_loss: 2.1696 - val_accuracy: 0.6441
Epoch 289/500
19/19 [==============================] - 8s 428ms/step - loss: 0.0018 - accuracy: 1.0000 - val_loss: 2.1224 - val_accuracy: 0.6416
Epoch 290/500
19/19 [==============================] - 8s 427ms/step - loss: 0.0015 - accuracy: 1.0000 - val_loss: 2.1443 - val_accuracy: 0.6416
Epoch 291/500
19/19 [==============================] - 8s 426ms/step - loss: 0.0016 - accuracy: 1.0000 - val_loss: 2.1884 - val_accuracy: 0.6416
Epoch 292/500
19/19 [==============================] - 8s 424ms/step - loss: 0.0016 - accuracy: 1.0000 - val_loss: 2.1408 - val_accuracy: 0.6466
Epoch 293/500
19/19 [==============================] - 8s 431ms/step - loss: 0.0016 - accuracy: 1.0000 - val_loss: 2.1893 - val_accuracy: 0.6491
Epoch 294/500
19/19 [==============================] - 8s 424ms/step - loss: 0.0017 - accuracy: 1.0000 - val_loss: 2.1598 - val_accuracy: 0.6416
Epoch 295/500
19/19 [==============================] - 8s 428ms/step - loss: 0.0061 - accuracy: 0.9983 - val_loss: 2.6562 - val_accuracy: 0.5789
Epoch 296/500
19/19 [==============================] - 8s 419ms/step - loss: 0.3013 - accuracy: 0.9250 - val_loss: 1.7580 - val_accuracy: 0.6316
Epoch 297/500
19/19 [==============================] - 8s 426ms/step - loss: 0.0725 - accuracy: 0.9800 - val_loss: 1.9273 - val_accuracy: 0.6216
Epoch 298/500
19/19 [==============================] - 8s 420ms/step - loss: 0.0333 - accuracy: 0.9950 - val_loss: 2.0706 - val_accuracy: 0.5840
Epoch 299/500
19/19 [==============================] - 8s 425ms/step - loss: 0.0219 - accuracy: 0.9950 - val_loss: 1.9934 - val_accuracy: 0.6115
Epoch 300/500
19/19 [==============================] - 8s 422ms/step - loss: 0.0123 - accuracy: 0.9983 - val_loss: 2.0428 - val_accuracy: 0.6541
Epoch 301/500
19/19 [==============================] - 8s 427ms/step - loss: 0.0074 - accuracy: 1.0000 - val_loss: 2.1165 - val_accuracy: 0.6216
Epoch 302/500
19/19 [==============================] - 8s 424ms/step - loss: 0.0048 - accuracy: 1.0000 - val_loss: 2.0344 - val_accuracy: 0.6391
Epoch 303/500
19/19 [==============================] - 8s 419ms/step - loss: 0.0044 - accuracy: 1.0000 - val_loss: 2.0552 - val_accuracy: 0.6241
Epoch 304/500
19/19 [==============================] - 8s 426ms/step - loss: 0.0032 - accuracy: 1.0000 - val_loss: 2.0158 - val_accuracy: 0.6441
Epoch 305/500
19/19 [==============================] - 8s 428ms/step - loss: 0.0031 - accuracy: 1.0000 - val_loss: 2.0637 - val_accuracy: 0.6416
Epoch 306/500
19/19 [==============================] - 8s 429ms/step - loss: 0.0027 - accuracy: 1.0000 - val_loss: 1.9953 - val_accuracy: 0.6491
Epoch 307/500
19/19 [==============================] - 8s 426ms/step - loss: 0.0023 - accuracy: 1.0000 - val_loss: 2.0362 - val_accuracy: 0.6366
Epoch 308/500
19/19 [==============================] - 8s 429ms/step - loss: 0.0027 - accuracy: 1.0000 - val_loss: 2.0348 - val_accuracy: 0.6516
Epoch 309/500
19/19 [==============================] - 8s 428ms/step - loss: 0.0028 - accuracy: 1.0000 - val_loss: 2.0090 - val_accuracy: 0.6541
Epoch 310/500
19/19 [==============================] - 8s 423ms/step - loss: 0.0020 - accuracy: 1.0000 - val_loss: 2.0475 - val_accuracy: 0.6516
Epoch 311/500
19/19 [==============================] - 8s 426ms/step - loss: 0.0028 - accuracy: 1.0000 - val_loss: 2.0620 - val_accuracy: 0.6416
Epoch 312/500
19/19 [==============================] - 8s 429ms/step - loss: 0.0032 - accuracy: 1.0000 - val_loss: 2.0763 - val_accuracy: 0.6316
Epoch 313/500
19/19 [==============================] - 8s 425ms/step - loss: 0.0027 - accuracy: 1.0000 - val_loss: 2.0255 - val_accuracy: 0.6617
Epoch 314/500
19/19 [==============================] - 8s 428ms/step - loss: 0.0020 - accuracy: 1.0000 - val_loss: 2.0386 - val_accuracy: 0.6441
Epoch 315/500
19/19 [==============================] - 8s 430ms/step - loss: 0.0024 - accuracy: 1.0000 - val_loss: 2.0699 - val_accuracy: 0.6516
Epoch 316/500
19/19 [==============================] - 8s 428ms/step - loss: 0.0018 - accuracy: 1.0000 - val_loss: 2.0675 - val_accuracy: 0.6366
Epoch 317/500
19/19 [==============================] - 8s 426ms/step - loss: 0.0021 - accuracy: 1.0000 - val_loss: 2.1033 - val_accuracy: 0.6341
Epoch 318/500
19/19 [==============================] - 8s 426ms/step - loss: 0.0022 - accuracy: 1.0000 - val_loss: 2.0697 - val_accuracy: 0.6491
Epoch 319/500
19/19 [==============================] - 8s 426ms/step - loss: 0.0021 - accuracy: 1.0000 - val_loss: 2.1037 - val_accuracy: 0.6391
Epoch 320/500
19/19 [==============================] - 8s 426ms/step - loss: 0.0097 - accuracy: 0.9983 - val_loss: 2.1724 - val_accuracy: 0.6115
Epoch 321/500
19/19 [==============================] - 8s 421ms/step - loss: 0.0090 - accuracy: 0.9983 - val_loss: 2.0653 - val_accuracy: 0.6366
Epoch 322/500
19/19 [==============================] - 8s 431ms/step - loss: 0.0050 - accuracy: 1.0000 - val_loss: 2.1162 - val_accuracy: 0.6190
Epoch 323/500
19/19 [==============================] - 8s 424ms/step - loss: 0.0061 - accuracy: 1.0000 - val_loss: 2.0465 - val_accuracy: 0.6341
Epoch 324/500
19/19 [==============================] - 8s 428ms/step - loss: 0.0038 - accuracy: 1.0000 - val_loss: 2.2126 - val_accuracy: 0.6266
Epoch 325/500
19/19 [==============================] - 8s 426ms/step - loss: 0.0043 - accuracy: 0.9983 - val_loss: 2.0829 - val_accuracy: 0.6316
Epoch 326/500
19/19 [==============================] - 8s 424ms/step - loss: 0.0023 - accuracy: 1.0000 - val_loss: 2.1356 - val_accuracy: 0.6190
Epoch 327/500
19/19 [==============================] - 8s 425ms/step - loss: 0.0020 - accuracy: 1.0000 - val_loss: 2.0813 - val_accuracy: 0.6341
Epoch 328/500
19/19 [==============================] - 8s 423ms/step - loss: 0.0027 - accuracy: 1.0000 - val_loss: 2.1442 - val_accuracy: 0.6316
Epoch 329/500
19/19 [==============================] - 8s 424ms/step - loss: 0.0026 - accuracy: 1.0000 - val_loss: 2.1521 - val_accuracy: 0.6241
Epoch 330/500
19/19 [==============================] - 8s 428ms/step - loss: 0.0022 - accuracy: 1.0000 - val_loss: 2.2013 - val_accuracy: 0.6391
Epoch 331/500
19/19 [==============================] - 8s 428ms/step - loss: 0.0019 - accuracy: 1.0000 - val_loss: 2.1076 - val_accuracy: 0.6491
Epoch 332/500
19/19 [==============================] - 8s 423ms/step - loss: 0.0017 - accuracy: 1.0000 - val_loss: 2.1130 - val_accuracy: 0.6341
Epoch 333/500
19/19 [==============================] - 8s 427ms/step - loss: 0.0017 - accuracy: 1.0000 - val_loss: 2.1850 - val_accuracy: 0.6341
Epoch 334/500
19/19 [==============================] - 8s 429ms/step - loss: 0.0022 - accuracy: 1.0000 - val_loss: 2.1987 - val_accuracy: 0.6190
Epoch 335/500
19/19 [==============================] - 8s 429ms/step - loss: 0.0068 - accuracy: 0.9983 - val_loss: 2.1468 - val_accuracy: 0.6115
Epoch 336/500
19/19 [==============================] - 8s 422ms/step - loss: 0.0026 - accuracy: 1.0000 - val_loss: 2.1494 - val_accuracy: 0.6366
Epoch 337/500
19/19 [==============================] - 8s 425ms/step - loss: 0.0018 - accuracy: 1.0000 - val_loss: 2.1157 - val_accuracy: 0.6341
Epoch 338/500
19/19 [==============================] - 8s 424ms/step - loss: 0.0015 - accuracy: 1.0000 - val_loss: 2.1524 - val_accuracy: 0.6316
Epoch 339/500
19/19 [==============================] - 8s 437ms/step - loss: 0.0013 - accuracy: 1.0000 - val_loss: 2.1185 - val_accuracy: 0.6416
Epoch 340/500
19/19 [==============================] - 8s 430ms/step - loss: 0.0020 - accuracy: 1.0000 - val_loss: 2.1539 - val_accuracy: 0.6291
Epoch 341/500
19/19 [==============================] - 8s 431ms/step - loss: 0.0016 - accuracy: 1.0000 - val_loss: 2.3091 - val_accuracy: 0.6266
Epoch 342/500
19/19 [==============================] - 8s 428ms/step - loss: 0.0013 - accuracy: 1.0000 - val_loss: 2.1595 - val_accuracy: 0.6391
Epoch 343/500
19/19 [==============================] - 8s 427ms/step - loss: 0.0012 - accuracy: 1.0000 - val_loss: 2.1705 - val_accuracy: 0.6316
Epoch 344/500
19/19 [==============================] - 8s 432ms/step - loss: 0.0013 - accuracy: 1.0000 - val_loss: 2.1724 - val_accuracy: 0.6316
Epoch 345/500
19/19 [==============================] - 8s 428ms/step - loss: 0.0011 - accuracy: 1.0000 - val_loss: 2.1586 - val_accuracy: 0.6441
Epoch 346/500
19/19 [==============================] - 8s 424ms/step - loss: 9.5069e-04 - accuracy: 1.0000 - val_loss: 2.1719 - val_accuracy: 0.6416
Epoch 347/500
19/19 [==============================] - 8s 426ms/step - loss: 0.0013 - accuracy: 1.0000 - val_loss: 2.2135 - val_accuracy: 0.6416
Epoch 348/500
19/19 [==============================] - 8s 423ms/step - loss: 0.0014 - accuracy: 1.0000 - val_loss: 2.2012 - val_accuracy: 0.6291
Epoch 349/500
19/19 [==============================] - 8s 431ms/step - loss: 0.0015 - accuracy: 1.0000 - val_loss: 2.2107 - val_accuracy: 0.6341
Epoch 350/500
19/19 [==============================] - 8s 421ms/step - loss: 0.0020 - accuracy: 1.0000 - val_loss: 2.2955 - val_accuracy: 0.6366
Epoch 351/500
19/19 [==============================] - 8s 430ms/step - loss: 0.0019 - accuracy: 1.0000 - val_loss: 2.1912 - val_accuracy: 0.6466
Epoch 352/500
19/19 [==============================] - 8s 423ms/step - loss: 0.0012 - accuracy: 1.0000 - val_loss: 2.2244 - val_accuracy: 0.6291
Epoch 353/500
19/19 [==============================] - 8s 423ms/step - loss: 0.0014 - accuracy: 1.0000 - val_loss: 2.2026 - val_accuracy: 0.6366
Epoch 354/500
19/19 [==============================] - 8s 423ms/step - loss: 0.0011 - accuracy: 1.0000 - val_loss: 2.1866 - val_accuracy: 0.6366
Epoch 355/500
19/19 [==============================] - 8s 422ms/step - loss: 0.0027 - accuracy: 1.0000 - val_loss: 2.3410 - val_accuracy: 0.6115
Epoch 356/500
19/19 [==============================] - 8s 427ms/step - loss: 0.0218 - accuracy: 0.9900 - val_loss: 2.2656 - val_accuracy: 0.6190
Epoch 357/500
19/19 [==============================] - 8s 424ms/step - loss: 0.0716 - accuracy: 0.9750 - val_loss: 2.4573 - val_accuracy: 0.5614
Epoch 358/500
19/19 [==============================] - 8s 428ms/step - loss: 0.0666 - accuracy: 0.9833 - val_loss: 2.3446 - val_accuracy: 0.5789
Epoch 359/500
19/19 [==============================] - 8s 432ms/step - loss: 0.0565 - accuracy: 0.9817 - val_loss: 2.6196 - val_accuracy: 0.5514
Epoch 360/500
19/19 [==============================] - 8s 424ms/step - loss: 0.0531 - accuracy: 0.9850 - val_loss: 2.1299 - val_accuracy: 0.6015
Epoch 361/500
19/19 [==============================] - 8s 432ms/step - loss: 0.0169 - accuracy: 0.9983 - val_loss: 2.2734 - val_accuracy: 0.6140
Epoch 362/500
19/19 [==============================] - 8s 429ms/step - loss: 0.0068 - accuracy: 1.0000 - val_loss: 2.1974 - val_accuracy: 0.6040
Epoch 363/500
19/19 [==============================] - 8s 428ms/step - loss: 0.0202 - accuracy: 0.9950 - val_loss: 2.2242 - val_accuracy: 0.6140
Epoch 364/500
19/19 [==============================] - 8s 426ms/step - loss: 0.0200 - accuracy: 0.9917 - val_loss: 2.3278 - val_accuracy: 0.5639
Epoch 365/500
19/19 [==============================] - 8s 428ms/step - loss: 0.0162 - accuracy: 0.9983 - val_loss: 2.0239 - val_accuracy: 0.5990
Epoch 366/500
19/19 [==============================] - 8s 425ms/step - loss: 0.0042 - accuracy: 1.0000 - val_loss: 2.0502 - val_accuracy: 0.6516
Epoch 367/500
19/19 [==============================] - 8s 428ms/step - loss: 0.0025 - accuracy: 1.0000 - val_loss: 2.0562 - val_accuracy: 0.6416
Epoch 368/500
19/19 [==============================] - 8s 429ms/step - loss: 0.0015 - accuracy: 1.0000 - val_loss: 2.1009 - val_accuracy: 0.6366
Epoch 369/500
19/19 [==============================] - 8s 433ms/step - loss: 0.0014 - accuracy: 1.0000 - val_loss: 2.1634 - val_accuracy: 0.6366
Epoch 370/500
19/19 [==============================] - 8s 425ms/step - loss: 0.0015 - accuracy: 1.0000 - val_loss: 2.1486 - val_accuracy: 0.6441
Epoch 371/500
19/19 [==============================] - 8s 421ms/step - loss: 0.0012 - accuracy: 1.0000 - val_loss: 2.1468 - val_accuracy: 0.6491
Epoch 372/500
19/19 [==============================] - 8s 422ms/step - loss: 0.0014 - accuracy: 1.0000 - val_loss: 2.1728 - val_accuracy: 0.6366
Epoch 373/500
19/19 [==============================] - 8s 424ms/step - loss: 0.0012 - accuracy: 1.0000 - val_loss: 2.1551 - val_accuracy: 0.6466
Epoch 374/500
19/19 [==============================] - 8s 423ms/step - loss: 0.0016 - accuracy: 1.0000 - val_loss: 2.1688 - val_accuracy: 0.6341
Epoch 375/500
19/19 [==============================] - 8s 422ms/step - loss: 0.0011 - accuracy: 1.0000 - val_loss: 2.1706 - val_accuracy: 0.6441
Epoch 376/500
19/19 [==============================] - 8s 431ms/step - loss: 9.1596e-04 - accuracy: 1.0000 - val_loss: 2.2003 - val_accuracy: 0.6466
Epoch 377/500
19/19 [==============================] - 8s 427ms/step - loss: 0.0011 - accuracy: 1.0000 - val_loss: 2.1923 - val_accuracy: 0.6391
Epoch 378/500
19/19 [==============================] - 8s 424ms/step - loss: 0.0011 - accuracy: 1.0000 - val_loss: 2.2079 - val_accuracy: 0.6416
Epoch 379/500
19/19 [==============================] - 8s 423ms/step - loss: 9.5951e-04 - accuracy: 1.0000 - val_loss: 2.1985 - val_accuracy: 0.6391
Epoch 380/500
19/19 [==============================] - 8s 432ms/step - loss: 0.0012 - accuracy: 1.0000 - val_loss: 2.1997 - val_accuracy: 0.6416
Epoch 381/500
19/19 [==============================] - 8s 424ms/step - loss: 0.0010 - accuracy: 1.0000 - val_loss: 2.2330 - val_accuracy: 0.6416
Epoch 382/500
19/19 [==============================] - 8s 434ms/step - loss: 0.0010 - accuracy: 1.0000 - val_loss: 2.2085 - val_accuracy: 0.6441
Epoch 383/500
19/19 [==============================] - 8s 423ms/step - loss: 0.0013 - accuracy: 1.0000 - val_loss: 2.2269 - val_accuracy: 0.6366
Epoch 384/500
19/19 [==============================] - 8s 423ms/step - loss: 7.6293e-04 - accuracy: 1.0000 - val_loss: 2.2400 - val_accuracy: 0.6516
Epoch 385/500
19/19 [==============================] - 8s 427ms/step - loss: 9.6428e-04 - accuracy: 1.0000 - val_loss: 2.2216 - val_accuracy: 0.6416
Epoch 386/500
19/19 [==============================] - 8s 429ms/step - loss: 0.0010 - accuracy: 1.0000 - val_loss: 2.2818 - val_accuracy: 0.6291
Epoch 387/500
19/19 [==============================] - 8s 427ms/step - loss: 9.5204e-04 - accuracy: 1.0000 - val_loss: 2.2518 - val_accuracy: 0.6416
Epoch 388/500
19/19 [==============================] - 8s 430ms/step - loss: 0.0011 - accuracy: 1.0000 - val_loss: 2.2687 - val_accuracy: 0.6341
Epoch 389/500
19/19 [==============================] - 8s 423ms/step - loss: 0.0010 - accuracy: 1.0000 - val_loss: 2.2679 - val_accuracy: 0.6466
Epoch 390/500
19/19 [==============================] - 8s 420ms/step - loss: 8.8250e-04 - accuracy: 1.0000 - val_loss: 2.2927 - val_accuracy: 0.6341
Epoch 391/500
19/19 [==============================] - 8s 431ms/step - loss: 7.2435e-04 - accuracy: 1.0000 - val_loss: 2.2916 - val_accuracy: 0.6441
Epoch 392/500
19/19 [==============================] - 8s 427ms/step - loss: 8.3642e-04 - accuracy: 1.0000 - val_loss: 2.2483 - val_accuracy: 0.6466
Epoch 393/500
19/19 [==============================] - 8s 428ms/step - loss: 0.0014 - accuracy: 1.0000 - val_loss: 2.2830 - val_accuracy: 0.6416
Epoch 394/500
19/19 [==============================] - 8s 426ms/step - loss: 0.0015 - accuracy: 1.0000 - val_loss: 2.2873 - val_accuracy: 0.6316
Epoch 395/500
19/19 [==============================] - 8s 424ms/step - loss: 9.1544e-04 - accuracy: 1.0000 - val_loss: 2.2793 - val_accuracy: 0.6190
Epoch 396/500
19/19 [==============================] - 8s 426ms/step - loss: 8.7999e-04 - accuracy: 1.0000 - val_loss: 2.3177 - val_accuracy: 0.6341
Epoch 397/500
19/19 [==============================] - 8s 428ms/step - loss: 7.0395e-04 - accuracy: 1.0000 - val_loss: 2.2968 - val_accuracy: 0.6416
Epoch 398/500
19/19 [==============================] - 8s 433ms/step - loss: 7.4126e-04 - accuracy: 1.0000 - val_loss: 2.2897 - val_accuracy: 0.6466
Epoch 399/500
19/19 [==============================] - 8s 427ms/step - loss: 7.7004e-04 - accuracy: 1.0000 - val_loss: 2.2713 - val_accuracy: 0.6391
Epoch 400/500
19/19 [==============================] - 8s 428ms/step - loss: 0.0012 - accuracy: 1.0000 - val_loss: 2.3217 - val_accuracy: 0.6416
Epoch 401/500
19/19 [==============================] - 8s 431ms/step - loss: 8.9119e-04 - accuracy: 1.0000 - val_loss: 2.2941 - val_accuracy: 0.6416
Epoch 402/500
19/19 [==============================] - 8s 425ms/step - loss: 6.6420e-04 - accuracy: 1.0000 - val_loss: 2.3078 - val_accuracy: 0.6316
Epoch 403/500
19/19 [==============================] - 8s 427ms/step - loss: 8.0552e-04 - accuracy: 1.0000 - val_loss: 2.3034 - val_accuracy: 0.6341
Epoch 404/500
19/19 [==============================] - 8s 431ms/step - loss: 6.9060e-04 - accuracy: 1.0000 - val_loss: 2.2702 - val_accuracy: 0.6391
Epoch 405/500
19/19 [==============================] - 8s 423ms/step - loss: 6.9752e-04 - accuracy: 1.0000 - val_loss: 2.3063 - val_accuracy: 0.6366
Epoch 406/500
19/19 [==============================] - 8s 428ms/step - loss: 5.8981e-04 - accuracy: 1.0000 - val_loss: 2.3005 - val_accuracy: 0.6441
Epoch 407/500
19/19 [==============================] - 8s 422ms/step - loss: 6.1054e-04 - accuracy: 1.0000 - val_loss: 2.3115 - val_accuracy: 0.6441
Epoch 408/500
19/19 [==============================] - 8s 429ms/step - loss: 6.6605e-04 - accuracy: 1.0000 - val_loss: 2.3037 - val_accuracy: 0.6466
Epoch 409/500
19/19 [==============================] - 8s 421ms/step - loss: 7.4160e-04 - accuracy: 1.0000 - val_loss: 2.2998 - val_accuracy: 0.6416
Epoch 410/500
19/19 [==============================] - 8s 422ms/step - loss: 0.0010 - accuracy: 1.0000 - val_loss: 2.3081 - val_accuracy: 0.6441
Epoch 411/500
19/19 [==============================] - 8s 429ms/step - loss: 0.0010 - accuracy: 1.0000 - val_loss: 2.3567 - val_accuracy: 0.6241
Epoch 412/500
19/19 [==============================] - 8s 427ms/step - loss: 7.3037e-04 - accuracy: 1.0000 - val_loss: 2.3248 - val_accuracy: 0.6266
Epoch 413/500
19/19 [==============================] - 8s 431ms/step - loss: 8.1671e-04 - accuracy: 1.0000 - val_loss: 2.2887 - val_accuracy: 0.6341
Epoch 414/500
19/19 [==============================] - 8s 425ms/step - loss: 6.3728e-04 - accuracy: 1.0000 - val_loss: 2.2947 - val_accuracy: 0.6441
Epoch 415/500
19/19 [==============================] - 8s 424ms/step - loss: 6.1455e-04 - accuracy: 1.0000 - val_loss: 2.3113 - val_accuracy: 0.6491
Epoch 416/500
19/19 [==============================] - 8s 424ms/step - loss: 7.1485e-04 - accuracy: 1.0000 - val_loss: 2.3058 - val_accuracy: 0.6391
Epoch 417/500
19/19 [==============================] - 8s 423ms/step - loss: 6.9541e-04 - accuracy: 1.0000 - val_loss: 2.3135 - val_accuracy: 0.6441
Epoch 418/500
19/19 [==============================] - 8s 429ms/step - loss: 6.9081e-04 - accuracy: 1.0000 - val_loss: 2.3246 - val_accuracy: 0.6491
Epoch 419/500
19/19 [==============================] - 8s 427ms/step - loss: 5.2263e-04 - accuracy: 1.0000 - val_loss: 2.3217 - val_accuracy: 0.6541
Epoch 420/500
19/19 [==============================] - 8s 424ms/step - loss: 6.2530e-04 - accuracy: 1.0000 - val_loss: 2.3225 - val_accuracy: 0.6416
Epoch 421/500
19/19 [==============================] - 8s 430ms/step - loss: 6.6972e-04 - accuracy: 1.0000 - val_loss: 2.3441 - val_accuracy: 0.6416
Epoch 422/500
19/19 [==============================] - 8s 428ms/step - loss: 0.0011 - accuracy: 1.0000 - val_loss: 2.3241 - val_accuracy: 0.6341
Epoch 423/500
19/19 [==============================] - 8s 423ms/step - loss: 7.0519e-04 - accuracy: 1.0000 - val_loss: 2.4051 - val_accuracy: 0.6341
Epoch 424/500
19/19 [==============================] - 8s 425ms/step - loss: 8.0558e-04 - accuracy: 1.0000 - val_loss: 2.3149 - val_accuracy: 0.6466
Epoch 425/500
19/19 [==============================] - 8s 428ms/step - loss: 6.6553e-04 - accuracy: 1.0000 - val_loss: 2.3319 - val_accuracy: 0.6441
Epoch 426/500
19/19 [==============================] - 8s 431ms/step - loss: 7.6094e-04 - accuracy: 1.0000 - val_loss: 2.3175 - val_accuracy: 0.6491
Epoch 427/500
19/19 [==============================] - 8s 422ms/step - loss: 7.7420e-04 - accuracy: 1.0000 - val_loss: 2.3835 - val_accuracy: 0.6366
Epoch 428/500
19/19 [==============================] - 8s 426ms/step - loss: 6.0793e-04 - accuracy: 1.0000 - val_loss: 2.3369 - val_accuracy: 0.6491
Epoch 429/500
19/19 [==============================] - 8s 427ms/step - loss: 7.1449e-04 - accuracy: 1.0000 - val_loss: 2.3224 - val_accuracy: 0.6566
Epoch 430/500
19/19 [==============================] - 8s 426ms/step - loss: 6.8141e-04 - accuracy: 1.0000 - val_loss: 2.3691 - val_accuracy: 0.6441
Epoch 431/500
19/19 [==============================] - 8s 422ms/step - loss: 4.8998e-04 - accuracy: 1.0000 - val_loss: 2.3565 - val_accuracy: 0.6366
Epoch 432/500
19/19 [==============================] - 8s 430ms/step - loss: 5.4562e-04 - accuracy: 1.0000 - val_loss: 2.3309 - val_accuracy: 0.6441
Epoch 433/500
19/19 [==============================] - 8s 432ms/step - loss: 8.9157e-04 - accuracy: 1.0000 - val_loss: 2.3840 - val_accuracy: 0.6216
Epoch 434/500
19/19 [==============================] - 8s 426ms/step - loss: 6.0053e-04 - accuracy: 1.0000 - val_loss: 2.3761 - val_accuracy: 0.6416
Epoch 435/500
19/19 [==============================] - 8s 423ms/step - loss: 5.0459e-04 - accuracy: 1.0000 - val_loss: 2.3598 - val_accuracy: 0.6391
Epoch 436/500
19/19 [==============================] - 8s 425ms/step - loss: 6.0761e-04 - accuracy: 1.0000 - val_loss: 2.3778 - val_accuracy: 0.6516
Epoch 437/500
19/19 [==============================] - 8s 420ms/step - loss: 6.7597e-04 - accuracy: 1.0000 - val_loss: 2.4091 - val_accuracy: 0.6316
Epoch 438/500
19/19 [==============================] - 8s 425ms/step - loss: 9.3884e-04 - accuracy: 1.0000 - val_loss: 2.3753 - val_accuracy: 0.6216
Epoch 439/500
19/19 [==============================] - 8s 425ms/step - loss: 7.6047e-04 - accuracy: 1.0000 - val_loss: 2.3982 - val_accuracy: 0.6441
Epoch 440/500
19/19 [==============================] - 8s 429ms/step - loss: 4.6853e-04 - accuracy: 1.0000 - val_loss: 2.3922 - val_accuracy: 0.6316
Epoch 441/500
19/19 [==============================] - 8s 425ms/step - loss: 6.8776e-04 - accuracy: 1.0000 - val_loss: 2.3923 - val_accuracy: 0.6516
Epoch 442/500
19/19 [==============================] - 8s 428ms/step - loss: 5.2310e-04 - accuracy: 1.0000 - val_loss: 2.3903 - val_accuracy: 0.6316
Epoch 443/500
19/19 [==============================] - 8s 432ms/step - loss: 5.4031e-04 - accuracy: 1.0000 - val_loss: 2.3585 - val_accuracy: 0.6366
Epoch 444/500
19/19 [==============================] - 8s 421ms/step - loss: 8.1772e-04 - accuracy: 1.0000 - val_loss: 2.3921 - val_accuracy: 0.6316
Epoch 445/500
19/19 [==============================] - 8s 427ms/step - loss: 5.7373e-04 - accuracy: 1.0000 - val_loss: 2.3669 - val_accuracy: 0.6416
Epoch 446/500
19/19 [==============================] - 8s 425ms/step - loss: 4.5244e-04 - accuracy: 1.0000 - val_loss: 2.3731 - val_accuracy: 0.6466
Epoch 447/500
19/19 [==============================] - 8s 431ms/step - loss: 4.6192e-04 - accuracy: 1.0000 - val_loss: 2.3634 - val_accuracy: 0.6416
Epoch 448/500
19/19 [==============================] - 8s 422ms/step - loss: 4.1488e-04 - accuracy: 1.0000 - val_loss: 2.3749 - val_accuracy: 0.6391
Epoch 449/500
19/19 [==============================] - 8s 428ms/step - loss: 3.7175e-04 - accuracy: 1.0000 - val_loss: 2.3797 - val_accuracy: 0.6416
Epoch 450/500
19/19 [==============================] - 8s 420ms/step - loss: 4.3863e-04 - accuracy: 1.0000 - val_loss: 2.4300 - val_accuracy: 0.6441
Epoch 451/500
19/19 [==============================] - 8s 425ms/step - loss: 0.0050 - accuracy: 1.0000 - val_loss: 2.6273 - val_accuracy: 0.5990
Epoch 452/500
19/19 [==============================] - 8s 418ms/step - loss: 0.1893 - accuracy: 0.9550 - val_loss: 2.4153 - val_accuracy: 0.5789
Epoch 453/500
19/19 [==============================] - 8s 434ms/step - loss: 0.1785 - accuracy: 0.9433 - val_loss: 2.3151 - val_accuracy: 0.5815
Epoch 454/500
19/19 [==============================] - 8s 429ms/step - loss: 0.0400 - accuracy: 0.9850 - val_loss: 2.4015 - val_accuracy: 0.5764
Epoch 455/500
19/19 [==============================] - 8s 423ms/step - loss: 0.0170 - accuracy: 0.9983 - val_loss: 2.2785 - val_accuracy: 0.5990
Epoch 456/500
19/19 [==============================] - 8s 424ms/step - loss: 0.0089 - accuracy: 0.9983 - val_loss: 2.4584 - val_accuracy: 0.6015
Epoch 457/500
19/19 [==============================] - 8s 429ms/step - loss: 0.0074 - accuracy: 1.0000 - val_loss: 2.2115 - val_accuracy: 0.6491
Epoch 458/500
19/19 [==============================] - 8s 422ms/step - loss: 0.0026 - accuracy: 1.0000 - val_loss: 2.1510 - val_accuracy: 0.6416
Epoch 459/500
19/19 [==============================] - 8s 422ms/step - loss: 0.0017 - accuracy: 1.0000 - val_loss: 2.1427 - val_accuracy: 0.6416
Epoch 460/500
19/19 [==============================] - 8s 427ms/step - loss: 0.0011 - accuracy: 1.0000 - val_loss: 2.1934 - val_accuracy: 0.6516
Epoch 461/500
19/19 [==============================] - 8s 427ms/step - loss: 9.0735e-04 - accuracy: 1.0000 - val_loss: 2.1774 - val_accuracy: 0.6491
Epoch 462/500
19/19 [==============================] - 8s 422ms/step - loss: 9.8134e-04 - accuracy: 1.0000 - val_loss: 2.1801 - val_accuracy: 0.6516
Epoch 463/500
19/19 [==============================] - 8s 422ms/step - loss: 7.1816e-04 - accuracy: 1.0000 - val_loss: 2.1969 - val_accuracy: 0.6491
Epoch 464/500
19/19 [==============================] - 8s 429ms/step - loss: 0.0011 - accuracy: 1.0000 - val_loss: 2.2097 - val_accuracy: 0.6391
Epoch 465/500
19/19 [==============================] - 8s 424ms/step - loss: 9.9053e-04 - accuracy: 1.0000 - val_loss: 2.2393 - val_accuracy: 0.6441
Epoch 466/500
19/19 [==============================] - 8s 423ms/step - loss: 7.1251e-04 - accuracy: 1.0000 - val_loss: 2.2066 - val_accuracy: 0.6566
Epoch 467/500
19/19 [==============================] - 8s 423ms/step - loss: 7.8172e-04 - accuracy: 1.0000 - val_loss: 2.1975 - val_accuracy: 0.6541
Epoch 468/500
19/19 [==============================] - 8s 432ms/step - loss: 7.2057e-04 - accuracy: 1.0000 - val_loss: 2.2052 - val_accuracy: 0.6566
Epoch 469/500
19/19 [==============================] - 8s 431ms/step - loss: 6.6558e-04 - accuracy: 1.0000 - val_loss: 2.2364 - val_accuracy: 0.6516
Epoch 470/500
19/19 [==============================] - 8s 422ms/step - loss: 7.3281e-04 - accuracy: 1.0000 - val_loss: 2.2364 - val_accuracy: 0.6491
Epoch 471/500
19/19 [==============================] - 8s 428ms/step - loss: 7.2156e-04 - accuracy: 1.0000 - val_loss: 2.2365 - val_accuracy: 0.6491
Epoch 472/500
19/19 [==============================] - 8s 425ms/step - loss: 5.9775e-04 - accuracy: 1.0000 - val_loss: 2.2445 - val_accuracy: 0.6516
Epoch 473/500
19/19 [==============================] - 8s 429ms/step - loss: 9.0742e-04 - accuracy: 1.0000 - val_loss: 2.2291 - val_accuracy: 0.6516
Epoch 474/500
19/19 [==============================] - 8s 427ms/step - loss: 6.4888e-04 - accuracy: 1.0000 - val_loss: 2.2686 - val_accuracy: 0.6416
Epoch 475/500
19/19 [==============================] - 8s 426ms/step - loss: 7.6282e-04 - accuracy: 1.0000 - val_loss: 2.2828 - val_accuracy: 0.6466
Epoch 476/500
19/19 [==============================] - 8s 425ms/step - loss: 5.0773e-04 - accuracy: 1.0000 - val_loss: 2.2694 - val_accuracy: 0.6566
Epoch 477/500
19/19 [==============================] - 8s 426ms/step - loss: 6.0103e-04 - accuracy: 1.0000 - val_loss: 2.2630 - val_accuracy: 0.6566
Epoch 478/500
19/19 [==============================] - 8s 424ms/step - loss: 7.8270e-04 - accuracy: 1.0000 - val_loss: 2.2684 - val_accuracy: 0.6491
Epoch 479/500
19/19 [==============================] - 8s 424ms/step - loss: 8.6079e-04 - accuracy: 1.0000 - val_loss: 2.3018 - val_accuracy: 0.6466
Epoch 480/500
19/19 [==============================] - 8s 429ms/step - loss: 8.4232e-04 - accuracy: 1.0000 - val_loss: 2.2546 - val_accuracy: 0.6491
Epoch 481/500
19/19 [==============================] - 8s 426ms/step - loss: 7.3984e-04 - accuracy: 1.0000 - val_loss: 2.2721 - val_accuracy: 0.6466
Epoch 482/500
19/19 [==============================] - 8s 426ms/step - loss: 7.1369e-04 - accuracy: 1.0000 - val_loss: 2.2781 - val_accuracy: 0.6491
Epoch 483/500
19/19 [==============================] - 8s 421ms/step - loss: 7.7850e-04 - accuracy: 1.0000 - val_loss: 2.2776 - val_accuracy: 0.6391
Epoch 484/500
19/19 [==============================] - 8s 426ms/step - loss: 5.7354e-04 - accuracy: 1.0000 - val_loss: 2.2853 - val_accuracy: 0.6566
Epoch 485/500
19/19 [==============================] - 8s 428ms/step - loss: 4.8022e-04 - accuracy: 1.0000 - val_loss: 2.2842 - val_accuracy: 0.6591
Epoch 486/500
19/19 [==============================] - 8s 427ms/step - loss: 5.2764e-04 - accuracy: 1.0000 - val_loss: 2.2819 - val_accuracy: 0.6491
Epoch 487/500
19/19 [==============================] - 8s 428ms/step - loss: 6.0920e-04 - accuracy: 1.0000 - val_loss: 2.3015 - val_accuracy: 0.6566
Epoch 488/500
19/19 [==============================] - 8s 424ms/step - loss: 5.1152e-04 - accuracy: 1.0000 - val_loss: 2.3057 - val_accuracy: 0.6491
Epoch 489/500
19/19 [==============================] - 8s 420ms/step - loss: 5.7788e-04 - accuracy: 1.0000 - val_loss: 2.2775 - val_accuracy: 0.6541
Epoch 490/500
19/19 [==============================] - 8s 427ms/step - loss: 4.7513e-04 - accuracy: 1.0000 - val_loss: 2.3091 - val_accuracy: 0.6491
Epoch 491/500
19/19 [==============================] - 8s 427ms/step - loss: 5.3240e-04 - accuracy: 1.0000 - val_loss: 2.3134 - val_accuracy: 0.6516
Epoch 492/500
19/19 [==============================] - 8s 435ms/step - loss: 5.0786e-04 - accuracy: 1.0000 - val_loss: 2.2947 - val_accuracy: 0.6566
Epoch 493/500
19/19 [==============================] - 8s 430ms/step - loss: 4.2743e-04 - accuracy: 1.0000 - val_loss: 2.2980 - val_accuracy: 0.6566
Epoch 494/500
19/19 [==============================] - 8s 424ms/step - loss: 5.4784e-04 - accuracy: 1.0000 - val_loss: 2.2955 - val_accuracy: 0.6466
Epoch 495/500
19/19 [==============================] - 8s 429ms/step - loss: 4.3853e-04 - accuracy: 1.0000 - val_loss: 2.3012 - val_accuracy: 0.6366
Epoch 496/500
19/19 [==============================] - 8s 420ms/step - loss: 9.2991e-04 - accuracy: 1.0000 - val_loss: 2.3365 - val_accuracy: 0.6516
Epoch 497/500
19/19 [==============================] - 8s 425ms/step - loss: 6.0720e-04 - accuracy: 1.0000 - val_loss: 2.3053 - val_accuracy: 0.6491
Epoch 498/500
19/19 [==============================] - 8s 424ms/step - loss: 6.1743e-04 - accuracy: 1.0000 - val_loss: 2.3516 - val_accuracy: 0.6491
Epoch 499/500
19/19 [==============================] - 8s 424ms/step - loss: 6.5505e-04 - accuracy: 1.0000 - val_loss: 2.3399 - val_accuracy: 0.6516
Epoch 500/500
19/19 [==============================] - 8s 427ms/step - loss: 6.6828e-04 - accuracy: 1.0000 - val_loss: 2.3217 - val_accuracy: 0.6466
